(---------------------------------------------------------------------)
(                                                                     )
(    NC DRILL Log                                                     )
(                                                                     )
(    Drawing          : PROIECT_CEF2_AAF.brd                          )
(    Software Version : 17.2S025                                      )
(    Date/Time        : Sat Dec 13 16:16:17 2025                      )
(                                                                     )
(---------------------------------------------------------------------)



 Processing NC Parameters file 'nc_param.txt' ...

 NC PARAMETERS
 -------------

 FORMAT   		2.5
 MACHINE-OFFSET		x:0.00000	y:0.00000   (mm)
 FEEDRATE		1
 COORDINATES		ABSOLUTE
 OUTPUT-UNITS		METRIC
 TOOL-ORDER		INCREASING
 REPEAT-CODES		YES
 SUPPRESS-LEAD-ZEROES	NO
 SUPPRESS-TRAIL-ZEROES	NO
 SUPPRESS-EQUAL		NO
 TOOL-SELECT		YES
 HEADER			none
 LEADER			12
 CODE			ASCII
 SEPARATE		NO
 SEPARATE-ROUTING	NO
 OPTIMIZE_DRILLING	NO
 ENHANCED_EXCELLON	NO
 SCALE			1.000000

 WARNING(SPMHMF-368): Cannot find NC Drill tool file 'nc_tools.txt'
 WARNING(SPMHMF-369): ... will auto-generate tool file 'nc_tools_auto.txt'.


     Auto-generating tool file 'nc_tools_auto.txt' ...

           Size  Plating  Tool        + Tolerance  - Tolerance

         0.4000  P        T01            0.000000     0.000000


 Drill files being output to directory 'C:/USERS/IOVAA/DESKTOP/P1_2025_431E_IOVA_DUMITRU_ALEXANDRU_AAF__N8_ORCAD/P1_2025_431E_IOVA_DUMITRU_ALEXANDRU_AAF__N8_ORCAD/SCHEMATICS/allegro' ...



     'DRILL-1-2.drl' created for holes connecting TOP and BOTTOM
     -----------------------------------------------------------

     Tool  Num     Size      +/- Tolerance     Plating   Quantity

     T01    1.   0.4000    0.0000/  0.0000      PLATED         18

     ---- Total holes:                                         18

     ---- Total head travel:              0.68 feet (0.21 meters)

