(---------------------------------------------------------------------)
(                                                                     )
(    Allegro Netrev Import Logic                                      )
(                                                                     )
(    Drawing          : PROIECT_CEF2_AAF.brd                          )
(    Software Version : 17.2S025                                      )
(    Date/Time        : Sat Dec 06 16:12:30 2025                      )
(                                                                     )
(---------------------------------------------------------------------)


------ Directives ------------

Ripup etch:                  No
Ripup delete first segment:  No
Ripup retain bondwire:       No
Ripup symbols:               Always
Missing symbol has error:    No
DRC update:                  Yes
Schematic directory:         'C:\USERS\IOVAA\DESKTOP\P1_2025_431E_IOVA_DUMITRU_ALEXANDRU_AAF__N8_ORCAD\P1_2025_431E_IOVA_DUMITRU_ALEXANDRU_AAF__N8_ORCAD\SCHEMATICS\allegro'
Design Directory:            'C:/USERS/IOVAA/DESKTOP/P1_2025_431E_IOVA_DUMITRU_ALEXANDRU_AAF__N8_ORCAD/P1_2025_431E_IOVA_DUMITRU_ALEXANDRU_AAF__N8_ORCAD/SCHEMATICS/allegro'
Old design name:             'C:/USERS/IOVAA/DESKTOP/P1_2025_431E_IOVA_DUMITRU_ALEXANDRU_AAF__N8_ORCAD/P1_2025_431E_IOVA_DUMITRU_ALEXANDRU_AAF__N8_ORCAD/SCHEMATICS/allegro/PROIECT_CEF2_AAF.brd'
New design name:             'C:/USERS/IOVAA/DESKTOP/P1_2025_431E_IOVA_DUMITRU_ALEXANDRU_AAF__N8_ORCAD/P1_2025_431E_IOVA_DUMITRU_ALEXANDRU_AAF__N8_ORCAD/SCHEMATICS/allegro/PROIECT_CEF2_AAF.brd'

CmdLine: netrev.exe -y 1 -n -i C:\USERS\IOVAA\DESKTOP\P1_2025_431E_IOVA_DUMITRU_ALEXANDRU_AAF__N8_ORCAD\P1_2025_431E_IOVA_DUMITRU_ALEXANDRU_AAF__N8_ORCAD\SCHEMATICS\allegro C:\USERS\IOVAA\DESKTOP\P1_2025_431E_IOVA_DUMITRU_ALEXANDRU_AAF__N8_ORCAD\P1_2025_431E_IOVA_DUMITRU_ALEXANDRU_AAF__N8_ORCAD\SCHEMATICS\allegro\PROIECT_CEF2_AAF.brd C:\USERS\IOVAA\DESKTOP\P1_2025_431E_IOVA_DUMITRU_ALEXANDRU_AAF__N8_ORCAD\P1_2025_431E_IOVA_DUMITRU_ALEXANDRU_AAF__N8_ORCAD\SCHEMATICS\allegro\PROIECT_CEF2_AAF.brd

------ Preparing to read pst files ------

Starting to read C:/USERS/IOVAA/DESKTOP/P1_2025_431E_IOVA_DUMITRU_ALEXANDRU_AAF__N8_ORCAD/P1_2025_431E_IOVA_DUMITRU_ALEXANDRU_AAF__N8_ORCAD/SCHEMATICS/allegro/pstchip.dat 
   Finished reading C:/USERS/IOVAA/DESKTOP/P1_2025_431E_IOVA_DUMITRU_ALEXANDRU_AAF__N8_ORCAD/P1_2025_431E_IOVA_DUMITRU_ALEXANDRU_AAF__N8_ORCAD/SCHEMATICS/allegro/pstchip.dat (00:00:00.03)
Starting to read C:/USERS/IOVAA/DESKTOP/P1_2025_431E_IOVA_DUMITRU_ALEXANDRU_AAF__N8_ORCAD/P1_2025_431E_IOVA_DUMITRU_ALEXANDRU_AAF__N8_ORCAD/SCHEMATICS/allegro/pstxprt.dat 
   Finished reading C:/USERS/IOVAA/DESKTOP/P1_2025_431E_IOVA_DUMITRU_ALEXANDRU_AAF__N8_ORCAD/P1_2025_431E_IOVA_DUMITRU_ALEXANDRU_AAF__N8_ORCAD/SCHEMATICS/allegro/pstxprt.dat (00:00:00.00)
Starting to read C:/USERS/IOVAA/DESKTOP/P1_2025_431E_IOVA_DUMITRU_ALEXANDRU_AAF__N8_ORCAD/P1_2025_431E_IOVA_DUMITRU_ALEXANDRU_AAF__N8_ORCAD/SCHEMATICS/allegro/pstxnet.dat 
   Finished reading C:/USERS/IOVAA/DESKTOP/P1_2025_431E_IOVA_DUMITRU_ALEXANDRU_AAF__N8_ORCAD/P1_2025_431E_IOVA_DUMITRU_ALEXANDRU_AAF__N8_ORCAD/SCHEMATICS/allegro/pstxnet.dat (00:00:00.00)

------ Oversights/Warnings/Errors ------


------ Library Paths ------
MODULEPATH =  . 
           C:/Cadence/SPB_17.2/share/local/pcb/modules 

PSMPATH =  . 
           symbols 
           .. 
           ../symbols 
           C:/Cadence/SPB_17.2/share/local/pcb/symbols 
           C:/Cadence/SPB_17.2/share/pcb/pcb_lib/symbols 
           C:/Cadence/SPB_17.2/share/pcb/allegrolib/symbols 

PADPATH =  . 
           symbols 
           .. 
           ../symbols 
           C:/Cadence/SPB_17.2/share/local/pcb/padstacks 
           C:/Cadence/SPB_17.2/share/pcb/pcb_lib/symbols 
           C:/Cadence/SPB_17.2/share/pcb/allegrolib/symbols 


------ Summary Statistics ------


netrev run on Dec 6 16:12:30 2025
   DESIGN NAME : 'PROIECT_CEF2_AAF'
   PACKAGING ON Jul 30 2017 03:29:02

   COMPILE 'logic'
   CHECK_PIN_NAMES OFF
   CROSS_REFERENCE OFF
   FEEDBACK OFF
   INCREMENTAL OFF
   INTERFACE_TYPE PHYSICAL
   MAX_ERRORS 500
   MERGE_MINIMUM 5
   NET_NAME_CHARS '#%&()*+-./:=>?@[]^_`|'
   NET_NAME_LENGTH 24
   OVERSIGHTS ON
   REPLACE_CHECK OFF
   SINGLE_NODE_NETS ON
   SPLIT_MINIMUM 0
   SUPPRESS   20
   WARNINGS ON

 No error detected
 No oversight detected
 No warning detected

cpu time      0:00:36
elapsed time  0:00:01

