(---------------------------------------------------------------------)
(                                                                     )
(    ARTWORK LOG                                                      )
(                                                                     )
(    Drawing          : PROIECT_CEF2_AAF.brd                          )
(    Software Version : 17.2S025                                      )
(    Date/Time        : Sat Dec 13 16:17:07 2025                      )
(                                                                     )
(---------------------------------------------------------------------)


 ---- Photoplot outline rectangle not found; using drawing extents.



Results from parameter file ...
    DEVICE-TYPE           GERBER_RS274X
    OUTPUT-UNITS          MM
    FILM-SIZE             2400000 1600000
    FORMAT                2.5
    ABORT-ON-ERROR        NO
    SCALE                 1
    SUPPRESS-LEAD-ZEROES  YES
    SUPPRESS-TRAIL-ZEROES NO
    SUPPRESS-EQUAL        YES
    UNDEF-APT-CONT        NO



================================================================
     PROCESSING FILM < TOP >
     TO FILE < C:/USERS/IOVAA/DESKTOP/P1_2025_431E_IOVA_DUMITRU_ALEXANDRU_AAF__N8_ORCAD/P1_2025_431E_IOVA_DUMITRU_ALEXANDRU_AAF__N8_ORCAD/SCHEMATICS/allegro/TOP.art > ...
================================================================

  FILM PARAMETERS :
  ---------------------------------------------------------
  Undefined line width                0.1000
  Mirror code                         NONE
  Rotate angle                        NONE
  Offset x:                           0.0000
  Offset y:                           0.0000
  Plot negative                       NO
  Suppress unconnected internal pads  NO
  Draw holes only                     NO



  APERTURES USED:
  ---------------------------------------------------------
  TYPE       SIZE/NAME                   ROT   MIRROR MODE 
  ---------------------------------------------------------
  CIRCLE     0.40000                                  DARK 
  CIRCLE     0.45000                                  DARK 
  CIRCLE     0.65000                                  DARK 
  CIRCLE     0.70000                                  DARK 
  CIRCLE     1.00000                                  DARK 
  SQUARE     1.27000                     0.000 NO     DARK 
  RECTANGLE  1.27000     x 0.91440       0.000 NO     DARK 
  RECTANGLE  1.27000     x 0.91440      90.000 NO     DARK 
  RECTANGLE  1.93040     x 1.21920       0.000 NO     DARK 
  RECTANGLE  1.93040     x 1.21920      90.000 NO     DARK 
  RECTANGLE  1.93040     x 3.04800       0.000 NO     DARK 
  RECTANGLE  1.93040     x 3.04800      90.000 NO     DARK 

     TOP created.


================================================================
     PROCESSING FILM < BOTTOM >
     TO FILE < C:/USERS/IOVAA/DESKTOP/P1_2025_431E_IOVA_DUMITRU_ALEXANDRU_AAF__N8_ORCAD/P1_2025_431E_IOVA_DUMITRU_ALEXANDRU_AAF__N8_ORCAD/SCHEMATICS/allegro/BOTTOM.art > ...
================================================================

  FILM PARAMETERS :
  ---------------------------------------------------------
  Undefined line width                0.1000
  Mirror code                         NONE
  Rotate angle                        NONE
  Offset x:                           0.0000
  Offset y:                           0.0000
  Plot negative                       NO
  Suppress unconnected internal pads  NO
  Draw holes only                     NO



  APERTURES USED:
  ---------------------------------------------------------
  TYPE       SIZE/NAME                   ROT   MIRROR MODE 
  ---------------------------------------------------------
  CIRCLE     0.40000                                  DARK 
  CIRCLE     0.45000                                  DARK 
  CIRCLE     0.60000                                  DARK 
  CIRCLE     0.65000                                  DARK 

     BOTTOM created.


================================================================
     PROCESSING FILM < BO >
     TO FILE < C:/USERS/IOVAA/DESKTOP/P1_2025_431E_IOVA_DUMITRU_ALEXANDRU_AAF__N8_ORCAD/P1_2025_431E_IOVA_DUMITRU_ALEXANDRU_AAF__N8_ORCAD/SCHEMATICS/allegro/BO.art > ...
================================================================

  FILM PARAMETERS :
  ---------------------------------------------------------
  Undefined line width                0.1000
  Mirror code                         NONE
  Rotate angle                        NONE
  Offset x:                           0.0000
  Offset y:                           0.0000
  Plot negative                       NO
  Suppress unconnected internal pads  NO
  Draw holes only                     NO



  APERTURES USED:
  ---------------------------------------------------------
  TYPE       SIZE/NAME                   ROT   MIRROR MODE 
  ---------------------------------------------------------
  CIRCLE     0.10000                                  DARK 

     BO created.


================================================================
     PROCESSING FILM < SMBOT >
     TO FILE < C:/USERS/IOVAA/DESKTOP/P1_2025_431E_IOVA_DUMITRU_ALEXANDRU_AAF__N8_ORCAD/P1_2025_431E_IOVA_DUMITRU_ALEXANDRU_AAF__N8_ORCAD/SCHEMATICS/allegro/SMBOT.art > ...
================================================================

  FILM PARAMETERS :
  ---------------------------------------------------------
  Undefined line width                0.1000
  Mirror code                         NONE
  Rotate angle                        NONE
  Offset x:                           0.0000
  Offset y:                           0.0000
  Plot negative                       NO
  Suppress unconnected internal pads  NO
  Draw holes only                     NO



  APERTURES USED:
  ---------------------------------------------------------
  TYPE       SIZE/NAME                   ROT   MIRROR MODE 
  ---------------------------------------------------------
  CIRCLE     0.80000                                  DARK 

     SMBOT created.


================================================================
     PROCESSING FILM < SMTOP >
     TO FILE < C:/USERS/IOVAA/DESKTOP/P1_2025_431E_IOVA_DUMITRU_ALEXANDRU_AAF__N8_ORCAD/P1_2025_431E_IOVA_DUMITRU_ALEXANDRU_AAF__N8_ORCAD/SCHEMATICS/allegro/SMTOP.art > ...
================================================================

  FILM PARAMETERS :
  ---------------------------------------------------------
  Undefined line width                0.1000
  Mirror code                         NONE
  Rotate angle                        NONE
  Offset x:                           0.0000
  Offset y:                           0.0000
  Plot negative                       NO
  Suppress unconnected internal pads  NO
  Draw holes only                     NO



  APERTURES USED:
  ---------------------------------------------------------
  TYPE       SIZE/NAME                   ROT   MIRROR MODE 
  ---------------------------------------------------------
  CIRCLE     0.80000                                  DARK 
  CIRCLE     2.00000                                  DARK 
  SQUARE     1.52400                     0.000 NO     DARK 
  RECTANGLE  1.52400     x 1.16840       0.000 NO     DARK 
  RECTANGLE  1.52400     x 1.16840      90.000 NO     DARK 
  RECTANGLE  2.18440     x 1.47320       0.000 NO     DARK 
  RECTANGLE  2.18440     x 1.47320      90.000 NO     DARK 
  RECTANGLE  2.18440     x 3.30200       0.000 NO     DARK 
  RECTANGLE  2.18440     x 3.30200      90.000 NO     DARK 

     SMTOP created.


================================================================
     PROCESSING FILM < SPTOP >
     TO FILE < C:/USERS/IOVAA/DESKTOP/P1_2025_431E_IOVA_DUMITRU_ALEXANDRU_AAF__N8_ORCAD/P1_2025_431E_IOVA_DUMITRU_ALEXANDRU_AAF__N8_ORCAD/SCHEMATICS/allegro/SPTOP.art > ...
================================================================

  FILM PARAMETERS :
  ---------------------------------------------------------
  Undefined line width                0.1000
  Mirror code                         NONE
  Rotate angle                        NONE
  Offset x:                           0.0000
  Offset y:                           0.0000
  Plot negative                       NO
  Suppress unconnected internal pads  NO
  Draw holes only                     NO



  APERTURES USED:
  ---------------------------------------------------------
  TYPE       SIZE/NAME                   ROT   MIRROR MODE 
  ---------------------------------------------------------
  CIRCLE     2.00000                                  DARK 
  SQUARE     1.14300                     0.000 NO     DARK 
  RECTANGLE  1.14300     x 0.82330       0.000 NO     DARK 
  RECTANGLE  1.14300     x 0.82330      90.000 NO     DARK 
  RECTANGLE  1.73740     x 1.09730       0.000 NO     DARK 
  RECTANGLE  1.73740     x 1.09730      90.000 NO     DARK 

     SPTOP created.


================================================================
     PROCESSING FILM < SSTOP >
     TO FILE < C:/USERS/IOVAA/DESKTOP/P1_2025_431E_IOVA_DUMITRU_ALEXANDRU_AAF__N8_ORCAD/P1_2025_431E_IOVA_DUMITRU_ALEXANDRU_AAF__N8_ORCAD/SCHEMATICS/allegro/SSTOP.art > ...
================================================================

  FILM PARAMETERS :
  ---------------------------------------------------------
  Undefined line width                0.1000
  Mirror code                         NONE
  Rotate angle                        NONE
  Offset x:                           0.0000
  Offset y:                           0.0000
  Plot negative                       NO
  Suppress unconnected internal pads  NO
  Draw holes only                     NO



  APERTURES USED:
  ---------------------------------------------------------
  TYPE       SIZE/NAME                   ROT   MIRROR MODE 
  ---------------------------------------------------------
  CIRCLE     0.10000                                  DARK 
  CIRCLE     0.15240                                  DARK 

     SSTOP created.


================================================================
     PROCESSING FILM < FAB >
     TO FILE < C:/USERS/IOVAA/DESKTOP/P1_2025_431E_IOVA_DUMITRU_ALEXANDRU_AAF__N8_ORCAD/P1_2025_431E_IOVA_DUMITRU_ALEXANDRU_AAF__N8_ORCAD/SCHEMATICS/allegro/FAB.art > ...
================================================================

  FILM PARAMETERS :
  ---------------------------------------------------------
  Undefined line width                0.1000
  Mirror code                         NONE
  Rotate angle                        NONE
  Offset x:                           0.0000
  Offset y:                           0.0000
  Plot negative                       NO
  Suppress unconnected internal pads  NO
  Draw holes only                     NO

    WARNING: text composed 0 width line found at (53.1473 8.1175)
           ... using undefined line width of 0.1000

    WARNING: 0 width line found at (41.7300 6.5300)
           ... using undefined line width of 0.1000

    WARNING: Multiple 0 width lines; all will be treated the same as the first.
           ... using undefined line width of 0.1000

    WARNING: text having Multiple 0 width lines; all will be treated the same as the first.
           ... using undefined line width of 0.1000



  APERTURES USED:
  ---------------------------------------------------------
  TYPE       SIZE/NAME                   ROT   MIRROR MODE 
  ---------------------------------------------------------
  CIRCLE     0.10000                                  DARK 

     FAB created with warnings


------------------------------------------------------
 SUMMARY:
        TOP created.
        BOTTOM created.
        BO created.
        SMBOT created.
        SMTOP created.
        SPTOP created.
        SSTOP created.
        FAB created with warnings

 ARTWORK had warnings
